<?xml version="1.0" encoding="UTF-8"?>
<!-- Generated by org.testng.reporters.JUnitReportReporter -->
<testsuite skipped="0" hostname="LAPTOP-M8A5375A" name="tests.MyTest" tests="1" failures="0" timestamp="01 feb 2020 07:42:11 GMT" time="1.320" errors="0">
  <testcase name="buscarAlgoEnLaBarraDeBusqueda" time="1.320" classname="tests.MyTest"/>
</testsuite> <!-- tests.MyTest -->
