<?xml version="1.0" encoding="UTF-8"?>
<!-- Generated by org.testng.reporters.JUnitReportReporter -->
<testsuite skipped="0" hostname="LAPTOP-M8A5375A" name="tests.MyTest" tests="1" failures="0" timestamp="01 feb 2020 07:29:08 GMT" time="3.255" errors="0">
  <testcase name="agregaProductoAlCarritoTC8" time="3.255" classname="tests.MyTest"/>
</testsuite> <!-- tests.MyTest -->
